# JRE version: Java(TM) SE Runtime Environment (7.0_79-b15) (build 1.7.0_79-b15)
# Java VM: Java HotSpot(TM) 64-Bit Server VM (24.79-b02 mixed mode windows-amd64 compressed oops)
Heap
 PSYoungGen      total 965120K, used 353018K [0x00000007ab480000, 0x00000007ffb80000, 0x0000000800000000)
  eden space 552960K, 2% used [0x00000007ab480000,0x00000007ac072100,0x00000007cd080000)
  from space 412160K, 82% used [0x00000007e6900000,0x00000007fb5cc9c0,0x00000007ffb80000)
  to   space 415232K, 0% used [0x00000007cd080000,0x00000007cd080000,0x00000007e6600000)
 ParOldGen       total 580608K, used 406186K [0x0000000701e00000, 0x0000000725500000, 0x00000007ab480000)
  object space 580608K, 69% used [0x0000000701e00000,0x000000071aaaaaa8,0x0000000725500000)
 PSPermGen       total 39936K, used 19559K [0x00000006fcc00000, 0x00000006ff300000, 0x0000000701e00000)
  object space 39936K, 48% used [0x00000006fcc00000,0x00000006fdf19ef8,0x00000006ff300000)
GC Heap History (10 events):
Event: 92.988 GC heap before
{Heap before GC invocations=48 (full 4):
 PSYoungGen      total 959488K, used 871950K [0x00000007ab480000, 0x0000000800000000, 0x0000000800000000)
  eden space 535552K, 99% used [0x00000007ab480000,0x00000007cbf3b738,0x00000007cbf80000)
  from space 423936K, 79% used [0x00000007cbf80000,0x00000007e0848180,0x00000007e5d80000)
  to   space 423936K, 0% used [0x00000007e6200000,0x00000007e6200000,0x0000000800000000)
 ParOldGen       total 580608K, used 406066K [0x0000000701e00000, 0x0000000725500000, 0x00000007ab480000)
  object space 580608K, 69% used [0x0000000701e00000,0x000000071aa8caa8,0x0000000725500000)
 PSPermGen       total 39936K, used 19534K [0x00000006fcc00000, 0x00000006ff300000, 0x0000000701e00000)
  object space 39936K, 48% used [0x00000006fcc00000,0x00000006fdf13978,0x00000006ff300000)
Event: 93.071 GC heap after
Heap after GC invocations=48 (full 4):
 PSYoungGen      total 961024K, used 334004K [0x00000007ab480000, 0x00000007ffd00000, 0x0000000800000000)
  eden space 540160K, 0% used [0x00000007ab480000,0x00000007ab480000,0x00000007cc400000)
  from space 420864K, 79% used [0x00000007e6200000,0x00000007fa82d100,0x00000007ffd00000)
  to   space 422400K, 0% used [0x00000007cc400000,0x00000007cc400000,0x00000007e6080000)
 ParOldGen       total 580608K, used 406066K [0x0000000701e00000, 0x0000000725500000, 0x00000007ab480000)
  object space 580608K, 69% used [0x0000000701e00000,0x000000071aa8caa8,0x0000000725500000)
 PSPermGen       total 39936K, used 19534K [0x00000006fcc00000, 0x00000006ff300000, 0x0000000701e00000)
  object space 39936K, 48% used [0x00000006fcc00000,0x00000006fdf13978,0x00000006ff300000)
}
Event: 95.603 GC heap before
{Heap before GC invocations=49 (full 4):
 PSYoungGen      total 961024K, used 872423K [0x00000007ab480000, 0x00000007ffd00000, 0x0000000800000000)
  eden space 540160K, 99% used [0x00000007ab480000,0x00000007cc24ccb8,0x00000007cc400000)
  from space 420864K, 79% used [0x00000007e6200000,0x00000007fa82d100,0x00000007ffd00000)
  to   space 422400K, 0% used [0x00000007cc400000,0x00000007cc400000,0x00000007e6080000)
 ParOldGen       total 580608K, used 406066K [0x0000000701e00000, 0x0000000725500000, 0x00000007ab480000)
  object space 580608K, 69% used [0x0000000701e00000,0x000000071aa8caa8,0x0000000725500000)
 PSPermGen       total 39936K, used 19534K [0x00000006fcc00000, 0x00000006ff300000, 0x0000000701e00000)
  object space 39936K, 48% used [0x00000006fcc00000,0x00000006fdf13998,0x00000006ff300000)
Event: 95.685 GC heap after
Heap after GC invocations=49 (full 4):
 PSYoungGen      total 962560K, used 342120K [0x00000007ab480000, 0x0000000800000000, 0x0000000800000000)
  eden space 540160K, 0% used [0x00000007ab480000,0x00000007ab480000,0x00000007cc400000)
  from space 422400K, 80% used [0x00000007cc400000,0x00000007e121a210,0x00000007e6080000)
  to   space 422912K, 0% used [0x00000007e6300000,0x00000007e6300000,0x0000000800000000)
 ParOldGen       total 580608K, used 406066K [0x0000000701e00000, 0x0000000725500000, 0x00000007ab480000)
  object space 580608K, 69% used [0x0000000701e00000,0x000000071aa8caa8,0x0000000725500000)
 PSPermGen       total 39936K, used 19534K [0x00000006fcc00000, 0x00000006ff300000, 0x0000000701e00000)
  object space 39936K, 48% used [0x00000006fcc00000,0x00000006fdf13998,0x00000006ff300000)
}
Event: 98.211 GC heap before
{Heap before GC invocations=50 (full 4):
 PSYoungGen      total 962560K, used 880486K [0x00000007ab480000, 0x0000000800000000, 0x0000000800000000)
  eden space 540160K, 99% used [0x00000007ab480000,0x00000007cc23f658,0x00000007cc400000)
  from space 422400K, 80% used [0x00000007cc400000,0x00000007e121a210,0x00000007e6080000)
  to   space 422912K, 0% used [0x00000007e6300000,0x00000007e6300000,0x0000000800000000)
 ParOldGen       total 580608K, used 406066K [0x0000000701e00000, 0x0000000725500000, 0x00000007ab480000)
  object space 580608K, 69% used [0x0000000701e00000,0x000000071aa8caa8,0x0000000725500000)
 PSPermGen       total 39936K, used 19545K [0x00000006fcc00000, 0x00000006ff300000, 0x0000000701e00000)
  object space 39936K, 48% used [0x00000006fcc00000,0x00000006fdf167a0,0x00000006ff300000)
Event: 98.319 GC heap after
Heap after GC invocations=50 (full 4):
 PSYoungGen      total 956928K, used 329986K [0x00000007ab480000, 0x00000007ff780000, 0x0000000800000000)
  eden space 542720K, 0% used [0x00000007ab480000,0x00000007ab480000,0x00000007cc680000)
  from space 414208K, 79% used [0x00000007e6300000,0x00000007fa5408c0,0x00000007ff780000)
  to   space 418304K, 0% used [0x00000007cc680000,0x00000007cc680000,0x00000007e5f00000)
 ParOldGen       total 580608K, used 406106K [0x0000000701e00000, 0x0000000725500000, 0x00000007ab480000)
  object space 580608K, 69% used [0x0000000701e00000,0x000000071aa96aa8,0x0000000725500000)
 PSPermGen       total 39936K, used 19545K [0x00000006fcc00000, 0x00000006ff300000, 0x0000000701e00000)
  object space 39936K, 48% used [0x00000006fcc00000,0x00000006fdf167a0,0x00000006ff300000)
}
Event: 100.825 GC heap before
{Heap before GC invocations=51 (full 4):
 PSYoungGen      total 956928K, used 871089K [0x00000007ab480000, 0x00000007ff780000, 0x0000000800000000)
  eden space 542720K, 99% used [0x00000007ab480000,0x00000007cc4ebd90,0x00000007cc680000)
  from space 414208K, 79% used [0x00000007e6300000,0x00000007fa5408c0,0x00000007ff780000)
  to   space 418304K, 0% used [0x00000007cc680000,0x00000007cc680000,0x00000007e5f00000)
 ParOldGen       total 580608K, used 406106K [0x0000000701e00000, 0x0000000725500000, 0x00000007ab480000)
  object space 580608K, 69% used [0x0000000701e00000,0x000000071aa96aa8,0x0000000725500000)
 PSPermGen       total 39936K, used 19546K [0x00000006fcc00000, 0x00000006ff300000, 0x0000000701e00000)
  object space 39936K, 48% used [0x00000006fcc00000,0x00000006fdf16870,0x00000006ff300000)
Event: 100.902 GC heap after
Heap after GC invocations=51 (full 4):
 PSYoungGen      total 961024K, used 338086K [0x00000007ab480000, 0x0000000800000000, 0x0000000800000000)
  eden space 542720K, 0% used [0x00000007ab480000,0x00000007ab480000,0x00000007cc680000)
  from space 418304K, 80% used [0x00000007cc680000,0x00000007e10a9980,0x00000007e5f00000)
  to   space 416768K, 0% used [0x00000007e6900000,0x00000007e6900000,0x0000000800000000)
 ParOldGen       total 580608K, used 406146K [0x0000000701e00000, 0x0000000725500000, 0x00000007ab480000)
  object space 580608K, 69% used [0x0000000701e00000,0x000000071aaa0aa8,0x0000000725500000)
 PSPermGen       total 39936K, used 19546K [0x00000006fcc00000, 0x00000006ff300000, 0x0000000701e00000)
  object space 39936K, 48% used [0x00000006fcc00000,0x00000006fdf16870,0x00000006ff300000)
}
Event: 103.457 GC heap before
{Heap before GC invocations=52 (full 4):
 PSYoungGen      total 961024K, used 879176K [0x00000007ab480000, 0x0000000800000000, 0x0000000800000000)
  eden space 542720K, 99% used [0x00000007ab480000,0x00000007cc4e89c0,0x00000007cc680000)
  from space 418304K, 80% used [0x00000007cc680000,0x00000007e10a9980,0x00000007e5f00000)
  to   space 416768K, 0% used [0x00000007e6900000,0x00000007e6900000,0x0000000800000000)
 ParOldGen       total 580608K, used 406146K [0x0000000701e00000, 0x0000000725500000, 0x00000007ab480000)
  object space 580608K, 69% used [0x0000000701e00000,0x000000071aaa0aa8,0x0000000725500000)
 PSPermGen       total 39936K, used 19546K [0x00000006fcc00000, 0x00000006ff300000, 0x0000000701e00000)
  object space 39936K, 48% used [0x00000006fcc00000,0x00000006fdf16890,0x00000006ff300000)
Event: 103.627 GC heap after
Heap after GC invocations=52 (full 4):
 PSYoungGen      total 965120K, used 340786K [0x00000007ab480000, 0x00000007ffb80000, 0x0000000800000000)
  eden space 552960K, 0% used [0x00000007ab480000,0x00000007ab480000,0x00000007cd080000)
  from space 412160K, 82% used [0x00000007e6900000,0x00000007fb5cc9c0,0x00000007ffb80000)
  to   space 415232K, 0% used [0x00000007cd080000,0x00000007cd080000,0x00000007e6600000)
 ParOldGen       total 580608K, used 406186K [0x0000000701e00000, 0x0000000725500000, 0x00000007ab480000)
  object space 580608K, 69% used [0x0000000701e00000,0x000000071aaaaaa8,0x0000000725500000)
 PSPermGen       total 39936K, used 19546K [0x00000006fcc00000, 0x00000006ff300000, 0x0000000701e00000)
  object space 39936K, 48% used [0x00000006fcc00000,0x00000006fdf16890,0x00000006ff300000)
}

