# JRE version: Java(TM) SE Runtime Environment (7.0_79-b15) (build 1.7.0_79-b15)
# Java VM: Java HotSpot(TM) 64-Bit Server VM (24.79-b02 mixed mode windows-amd64 compressed oops)
Heap
 PSYoungGen      total 141824K, used 4716K [0x00000007ab480000, 0x00000007c7480000, 0x0000000800000000)
  eden space 131072K, 3% used [0x00000007ab480000,0x00000007ab91b2b0,0x00000007b3480000)
  from space 10752K, 0% used [0x00000007b3480000,0x00000007b3480000,0x00000007b3f00000)
  to   space 98304K, 0% used [0x00000007c1480000,0x00000007c1480000,0x00000007c7480000)
 ParOldGen       total 258560K, used 93898K [0x0000000701e00000, 0x0000000711a80000, 0x00000007ab480000)
  object space 258560K, 36% used [0x0000000701e00000,0x00000007079b2838,0x0000000711a80000)
 PSPermGen       total 37376K, used 18669K [0x00000006fcc00000, 0x00000006ff080000, 0x0000000701e00000)
  object space 37376K, 49% used [0x00000006fcc00000,0x00000006fde3b578,0x00000006ff080000)
GC Heap History (10 events):
Event: 9.585 GC heap before
{Heap before GC invocations=2 (full 0):
 PSYoungGen      total 76288K, used 75276K [0x00000007ab480000, 0x00000007b0980000, 0x0000000800000000)
  eden space 65536K, 100% used [0x00000007ab480000,0x00000007af480000,0x00000007af480000)
  from space 10752K, 90% used [0x00000007af480000,0x00000007afe030c8,0x00000007aff00000)
  to   space 10752K, 0% used [0x00000007aff00000,0x00000007aff00000,0x00000007b0980000)
 ParOldGen       total 173056K, used 8K [0x0000000701e00000, 0x000000070c700000, 0x00000007ab480000)
  object space 173056K, 0% used [0x0000000701e00000,0x0000000701e02000,0x000000070c700000)
 PSPermGen       total 21504K, used 11725K [0x00000006fcc00000, 0x00000006fe100000, 0x0000000701e00000)
  object space 21504K, 54% used [0x00000006fcc00000,0x00000006fd773468,0x00000006fe100000)
Event: 9.599 GC heap after
Heap after GC invocations=2 (full 0):
 PSYoungGen      total 76288K, used 9789K [0x00000007ab480000, 0x00000007b0980000, 0x0000000800000000)
  eden space 65536K, 0% used [0x00000007ab480000,0x00000007ab480000,0x00000007af480000)
  from space 10752K, 91% used [0x00000007aff00000,0x00000007b088f5c0,0x00000007b0980000)
  to   space 10752K, 0% used [0x00000007af480000,0x00000007af480000,0x00000007aff00000)
 ParOldGen       total 173056K, used 16K [0x0000000701e00000, 0x000000070c700000, 0x00000007ab480000)
  object space 173056K, 0% used [0x0000000701e00000,0x0000000701e04000,0x000000070c700000)
 PSPermGen       total 21504K, used 11725K [0x00000006fcc00000, 0x00000006fe100000, 0x0000000701e00000)
  object space 21504K, 54% used [0x00000006fcc00000,0x00000006fd773468,0x00000006fe100000)
}
Event: 12.577 GC heap before
{Heap before GC invocations=3 (full 0):
 PSYoungGen      total 76288K, used 74741K [0x00000007ab480000, 0x00000007b0980000, 0x0000000800000000)
  eden space 65536K, 99% used [0x00000007ab480000,0x00000007af3edee0,0x00000007af480000)
  from space 10752K, 91% used [0x00000007aff00000,0x00000007b088f5c0,0x00000007b0980000)
  to   space 10752K, 0% used [0x00000007af480000,0x00000007af480000,0x00000007aff00000)
 ParOldGen       total 173056K, used 16K [0x0000000701e00000, 0x000000070c700000, 0x00000007ab480000)
  object space 173056K, 0% used [0x0000000701e00000,0x0000000701e04000,0x000000070c700000)
 PSPermGen       total 21504K, used 18656K [0x00000006fcc00000, 0x00000006fe100000, 0x0000000701e00000)
  object space 21504K, 86% used [0x00000006fcc00000,0x00000006fde38090,0x00000006fe100000)
Event: 12.625 GC heap after
Heap after GC invocations=3 (full 0):
 PSYoungGen      total 76288K, used 10731K [0x00000007ab480000, 0x00000007b4980000, 0x0000000800000000)
  eden space 65536K, 0% used [0x00000007ab480000,0x00000007ab480000,0x00000007af480000)
  from space 10752K, 99% used [0x00000007af480000,0x00000007afefafe0,0x00000007aff00000)
  to   space 10752K, 0% used [0x00000007b3f00000,0x00000007b3f00000,0x00000007b4980000)
 ParOldGen       total 173056K, used 14938K [0x0000000701e00000, 0x000000070c700000, 0x00000007ab480000)
  object space 173056K, 8% used [0x0000000701e00000,0x0000000702c96b00,0x000000070c700000)
 PSPermGen       total 21504K, used 18656K [0x00000006fcc00000, 0x00000006fe100000, 0x0000000701e00000)
  object space 21504K, 86% used [0x00000006fcc00000,0x00000006fde38090,0x00000006fe100000)
}
Event: 12.825 GC heap before
{Heap before GC invocations=4 (full 0):
 PSYoungGen      total 76288K, used 73767K [0x00000007ab480000, 0x00000007b4980000, 0x0000000800000000)
  eden space 65536K, 96% used [0x00000007ab480000,0x00000007af20ed38,0x00000007af480000)
  from space 10752K, 99% used [0x00000007af480000,0x00000007afefafe0,0x00000007aff00000)
  to   space 10752K, 0% used [0x00000007b3f00000,0x00000007b3f00000,0x00000007b4980000)
 ParOldGen       total 173056K, used 14938K [0x0000000701e00000, 0x000000070c700000, 0x00000007ab480000)
  object space 173056K, 8% used [0x0000000701e00000,0x0000000702c96b00,0x000000070c700000)
 PSPermGen       total 21504K, used 18671K [0x00000006fcc00000, 0x00000006fe100000, 0x0000000701e00000)
  object space 21504K, 86% used [0x00000006fcc00000,0x00000006fde3bfc8,0x00000006fe100000)
Event: 12.866 GC heap after
Heap after GC invocations=4 (full 0):
 PSYoungGen      total 141824K, used 10747K [0x00000007ab480000, 0x00000007b4980000, 0x0000000800000000)
  eden space 131072K, 0% used [0x00000007ab480000,0x00000007ab480000,0x00000007b3480000)
  from space 10752K, 99% used [0x00000007b3f00000,0x00000007b497eff0,0x00000007b4980000)
  to   space 10752K, 0% used [0x00000007b3480000,0x00000007b3480000,0x00000007b3f00000)
 ParOldGen       total 173056K, used 62198K [0x0000000701e00000, 0x000000070c700000, 0x00000007ab480000)
  object space 173056K, 35% used [0x0000000701e00000,0x0000000705abd8c0,0x000000070c700000)
 PSPermGen       total 21504K, used 18671K [0x00000006fcc00000, 0x00000006fe100000, 0x0000000701e00000)
  object space 21504K, 86% used [0x00000006fcc00000,0x00000006fde3bfc8,0x00000006fe100000)
}
Event: 13.144 GC heap before
{Heap before GC invocations=5 (full 0):
 PSYoungGen      total 141824K, used 140279K [0x00000007ab480000, 0x00000007b4980000, 0x0000000800000000)
  eden space 131072K, 98% used [0x00000007ab480000,0x00000007b32fefd8,0x00000007b3480000)
  from space 10752K, 99% used [0x00000007b3f00000,0x00000007b497eff0,0x00000007b4980000)
  to   space 10752K, 0% used [0x00000007b3480000,0x00000007b3480000,0x00000007b3f00000)
 ParOldGen       total 173056K, used 62198K [0x0000000701e00000, 0x000000070c700000, 0x00000007ab480000)
  object space 173056K, 35% used [0x0000000701e00000,0x0000000705abd8c0,0x000000070c700000)
 PSPermGen       total 21504K, used 18675K [0x00000006fcc00000, 0x00000006fe100000, 0x0000000701e00000)
  object space 21504K, 86% used [0x00000006fcc00000,0x00000006fde3cf50,0x00000006fe100000)
Event: 13.213 GC heap after
Heap after GC invocations=5 (full 0):
 PSYoungGen      total 141824K, used 10732K [0x00000007ab480000, 0x00000007c7480000, 0x0000000800000000)
  eden space 131072K, 0% used [0x00000007ab480000,0x00000007ab480000,0x00000007b3480000)
  from space 10752K, 99% used [0x00000007b3480000,0x00000007b3efb150,0x00000007b3f00000)
  to   space 98304K, 0% used [0x00000007c1480000,0x00000007c1480000,0x00000007c7480000)
 ParOldGen       total 173056K, used 145908K [0x0000000701e00000, 0x000000070c700000, 0x00000007ab480000)
  object space 173056K, 84% used [0x0000000701e00000,0x000000070ac7d300,0x000000070c700000)
 PSPermGen       total 21504K, used 18675K [0x00000006fcc00000, 0x00000006fe100000, 0x0000000701e00000)
  object space 21504K, 86% used [0x00000006fcc00000,0x00000006fde3cf50,0x00000006fe100000)
}
Event: 13.213 GC heap before
{Heap before GC invocations=6 (full 1):
 PSYoungGen      total 141824K, used 10732K [0x00000007ab480000, 0x00000007c7480000, 0x0000000800000000)
  eden space 131072K, 0% used [0x00000007ab480000,0x00000007ab480000,0x00000007b3480000)
  from space 10752K, 99% used [0x00000007b3480000,0x00000007b3efb150,0x00000007b3f00000)
  to   space 98304K, 0% used [0x00000007c1480000,0x00000007c1480000,0x00000007c7480000)
 ParOldGen       total 173056K, used 145908K [0x0000000701e00000, 0x000000070c700000, 0x00000007ab480000)
  object space 173056K, 84% used [0x0000000701e00000,0x000000070ac7d300,0x000000070c700000)
 PSPermGen       total 21504K, used 18675K [0x00000006fcc00000, 0x00000006fe100000, 0x0000000701e00000)
  object space 21504K, 86% used [0x00000006fcc00000,0x00000006fde3cf50,0x00000006fe100000)
Event: 13.464 GC heap after
Heap after GC invocations=6 (full 1):
 PSYoungGen      total 141824K, used 0K [0x00000007ab480000, 0x00000007c7480000, 0x0000000800000000)
  eden space 131072K, 0% used [0x00000007ab480000,0x00000007ab480000,0x00000007b3480000)
  from space 10752K, 0% used [0x00000007b3480000,0x00000007b3480000,0x00000007b3f00000)
  to   space 98304K, 0% used [0x00000007c1480000,0x00000007c1480000,0x00000007c7480000)
 ParOldGen       total 258560K, used 93898K [0x0000000701e00000, 0x0000000711a80000, 0x00000007ab480000)
  object space 258560K, 36% used [0x0000000701e00000,0x00000007079b2838,0x0000000711a80000)
 PSPermGen       total 37376K, used 18669K [0x00000006fcc00000, 0x00000006ff080000, 0x0000000701e00000)
  object space 37376K, 49% used [0x00000006fcc00000,0x00000006fde3b578,0x00000006ff080000)
}

